2019/01/15 10:01:31 [error] 7680#7680: *1 directory index of "/var/www/html/sigma/frontend/web/" is forbidden, client: ::1, server: , request: "GET / HTTP/1.1", host: "localhost"
2019/01/15 10:01:32 [error] 7680#7680: *1 directory index of "/var/www/html/sigma/frontend/web/" is forbidden, client: ::1, server: , request: "GET / HTTP/1.1", host: "localhost"
2019/01/15 10:01:57 [error] 7680#7680: *1 directory index of "/var/www/html/sigma/frontend/web/" is forbidden, client: ::1, server: , request: "GET / HTTP/1.1", host: "localhost"
2019/01/15 10:01:58 [error] 7680#7680: *1 directory index of "/var/www/html/sigma/frontend/web/" is forbidden, client: ::1, server: , request: "GET / HTTP/1.1", host: "localhost"
2019/01/15 10:01:58 [error] 7680#7680: *1 directory index of "/var/www/html/sigma/frontend/web/" is forbidden, client: ::1, server: , request: "GET / HTTP/1.1", host: "localhost"
2019/01/15 10:01:58 [error] 7680#7680: *1 directory index of "/var/www/html/sigma/frontend/web/" is forbidden, client: ::1, server: , request: "GET / HTTP/1.1", host: "localhost"
2019/01/15 10:02:13 [error] 7680#7680: *1 directory index of "/var/www/html/sigma/frontend/web/" is forbidden, client: ::1, server: , request: "GET / HTTP/1.1", host: "localhost"
2019/01/15 10:02:14 [error] 7680#7680: *1 directory index of "/var/www/html/sigma/frontend/web/" is forbidden, client: ::1, server: , request: "GET / HTTP/1.1", host: "localhost"
2019/01/15 10:02:23 [error] 7680#7680: *1 directory index of "/var/www/html/sigma/frontend/web/" is forbidden, client: ::1, server: , request: "GET / HTTP/1.1", host: "localhost"
2019/01/15 10:06:45 [error] 7680#7680: *2 directory index of "/var/www/html/sigma/frontend/web/" is forbidden, client: ::1, server: , request: "GET / HTTP/1.1", host: "localhost"
2019/01/15 10:06:46 [error] 7680#7680: *2 directory index of "/var/www/html/sigma/frontend/web/" is forbidden, client: ::1, server: , request: "GET / HTTP/1.1", host: "localhost"
2019/01/15 10:06:47 [error] 7680#7680: *2 directory index of "/var/www/html/sigma/frontend/web/" is forbidden, client: ::1, server: , request: "GET / HTTP/1.1", host: "localhost"
2019/01/15 10:06:47 [error] 7680#7680: *2 directory index of "/var/www/html/sigma/frontend/web/" is forbidden, client: ::1, server: , request: "GET / HTTP/1.1", host: "localhost"
2019/01/15 10:06:55 [error] 7680#7680: *2 directory index of "/var/www/html/sigma/frontend/web/" is forbidden, client: ::1, server: , request: "GET / HTTP/1.1", host: "localhost"
2019/01/15 10:06:55 [error] 7680#7680: *2 directory index of "/var/www/html/sigma/frontend/web/" is forbidden, client: ::1, server: , request: "GET / HTTP/1.1", host: "localhost"
2019/01/15 10:06:56 [error] 7680#7680: *2 directory index of "/var/www/html/sigma/frontend/web/" is forbidden, client: ::1, server: , request: "GET / HTTP/1.1", host: "localhost"
2019/01/15 10:06:56 [error] 7680#7680: *2 directory index of "/var/www/html/sigma/frontend/web/" is forbidden, client: ::1, server: , request: "GET / HTTP/1.1", host: "localhost"
2019/01/15 10:08:08 [error] 32303#32303: *3 directory index of "/var/www/html/sigma/frontend/web/" is forbidden, client: ::1, server: , request: "GET / HTTP/1.1", host: "localhost"
2019/01/15 10:08:13 [error] 32303#32303: *3 directory index of "/var/www/html/sigma/frontend/web/" is forbidden, client: ::1, server: , request: "GET / HTTP/1.1", host: "localhost"
2019/01/15 10:08:15 [error] 32303#32303: *3 directory index of "/var/www/html/sigma/frontend/web/" is forbidden, client: ::1, server: , request: "GET / HTTP/1.1", host: "localhost"
2019/01/15 10:09:36 [error] 32303#32303: *4 directory index of "/var/www/html/sigma/frontend/web/" is forbidden, client: ::1, server: , request: "GET / HTTP/1.1", host: "localhost"
2019/01/15 10:10:09 [error] 32303#32303: *4 directory index of "/var/www/html/sigma/frontend/web/" is forbidden, client: ::1, server: , request: "GET / HTTP/1.1", host: "localhost"
2019/01/15 10:10:10 [error] 32303#32303: *4 directory index of "/var/www/html/sigma/frontend/web/" is forbidden, client: ::1, server: , request: "GET / HTTP/1.1", host: "localhost"
2019/01/15 10:10:54 [error] 32679#32679: *5 directory index of "/var/www/html/sigma/frontend/web/" is forbidden, client: ::1, server: , request: "GET / HTTP/1.1", host: "localhost"
2019/01/15 10:11:35 [error] 32726#32726: *6 directory index of "/var/www/html/sigma/frontend/web/" is forbidden, client: ::1, server: , request: "GET / HTTP/1.1", host: "localhost"
2019/01/15 10:12:43 [error] 402#402: *1 directory index of "/var/www/html/sigma/frontend/web/" is forbidden, client: ::1, server: , request: "GET / HTTP/1.1", host: "localhost"
2019/01/15 10:12:44 [error] 402#402: *1 directory index of "/var/www/html/sigma/frontend/web/" is forbidden, client: ::1, server: , request: "GET / HTTP/1.1", host: "localhost"
2019/01/15 10:12:48 [error] 402#402: *1 directory index of "/var/www/html/sigma/frontend/web/" is forbidden, client: ::1, server: , request: "GET / HTTP/1.1", host: "localhost"
2019/01/15 10:12:52 [error] 402#402: *1 directory index of "/var/www/html/sigma/frontend/web/" is forbidden, client: ::1, server: , request: "GET / HTTP/1.1", host: "localhost"
2019/01/15 10:13:03 [error] 402#402: *2 directory index of "/var/www/html/sigma/frontend/web/" is forbidden, client: ::1, server: , request: "GET / HTTP/1.1", host: "localhost"
2019/01/15 10:13:23 [error] 402#402: *2 directory index of "/var/www/html/sigma/frontend/web/" is forbidden, client: ::1, server: , request: "GET / HTTP/1.1", host: "localhost"
2019/01/15 10:13:31 [error] 607#607: *1 directory index of "/var/www/html/sigma/frontend/web/" is forbidden, client: ::1, server: , request: "GET / HTTP/1.1", host: "localhost"
2019/01/15 10:13:34 [error] 607#607: *1 directory index of "/var/www/html/sigma/frontend/web/" is forbidden, client: ::1, server: , request: "GET / HTTP/1.1", host: "localhost"
2019/01/15 10:13:47 [error] 607#607: *1 directory index of "/var/www/html/sigma/frontend/web/" is forbidden, client: ::1, server: , request: "GET / HTTP/1.1", host: "localhost"
2019/01/15 10:13:50 [error] 607#607: *1 directory index of "/var/www/html/sigma/frontend/web/" is forbidden, client: ::1, server: , request: "GET / HTTP/1.1", host: "localhost"
2019/01/15 10:14:07 [error] 607#607: *1 directory index of "/var/www/html/sigma/frontend/web/" is forbidden, client: ::1, server: , request: "GET / HTTP/1.1", host: "localhost"
2019/01/15 10:14:08 [error] 607#607: *1 directory index of "/var/www/html/sigma/frontend/web/" is forbidden, client: ::1, server: , request: "GET / HTTP/1.1", host: "localhost"
2019/01/15 10:14:08 [error] 607#607: *1 directory index of "/var/www/html/sigma/frontend/web/" is forbidden, client: ::1, server: , request: "GET / HTTP/1.1", host: "localhost"
2019/01/15 10:14:50 [error] 837#837: *1 directory index of "/var/www/html/sigma/frontend/web/" is forbidden, client: ::1, server: , request: "GET / HTTP/1.1", host: "localhost"
2019/01/15 10:14:51 [error] 837#837: *1 directory index of "/var/www/html/sigma/frontend/web/" is forbidden, client: ::1, server: , request: "GET / HTTP/1.1", host: "localhost"
2019/01/15 10:16:13 [error] 837#837: *1 directory index of "/var/www/html/sigma/frontend/web/" is forbidden, client: ::1, server: , request: "GET / HTTP/1.1", host: "localhost"
2019/01/15 10:16:16 [error] 837#837: *1 directory index of "/var/www/html/sigma/frontend/web/" is forbidden, client: ::1, server: , request: "GET / HTTP/1.1", host: "localhost"
2019/01/15 10:19:26 [error] 837#837: *2 directory index of "/var/www/html/sigma/frontend/web/" is forbidden, client: ::1, server: , request: "GET / HTTP/1.1", host: "localhost"
2019/01/15 10:19:27 [error] 837#837: *2 directory index of "/var/www/html/sigma/frontend/web/" is forbidden, client: ::1, server: , request: "GET / HTTP/1.1", host: "localhost"
2019/01/15 10:19:28 [error] 837#837: *2 directory index of "/var/www/html/sigma/frontend/web/" is forbidden, client: ::1, server: , request: "GET / HTTP/1.1", host: "localhost"
2019/01/15 10:19:28 [error] 837#837: *2 directory index of "/var/www/html/sigma/frontend/web/" is forbidden, client: ::1, server: , request: "GET / HTTP/1.1", host: "localhost"
2019/01/15 10:19:28 [error] 837#837: *2 directory index of "/var/www/html/sigma/frontend/web/" is forbidden, client: ::1, server: , request: "GET / HTTP/1.1", host: "localhost"
2019/01/15 10:19:28 [error] 837#837: *2 directory index of "/var/www/html/sigma/frontend/web/" is forbidden, client: ::1, server: , request: "GET / HTTP/1.1", host: "localhost"
2019/01/15 10:19:28 [error] 837#837: *2 directory index of "/var/www/html/sigma/frontend/web/" is forbidden, client: ::1, server: , request: "GET / HTTP/1.1", host: "localhost"
2019/01/15 10:19:28 [error] 837#837: *2 directory index of "/var/www/html/sigma/frontend/web/" is forbidden, client: ::1, server: , request: "GET / HTTP/1.1", host: "localhost"
2019/01/15 10:19:29 [error] 837#837: *2 directory index of "/var/www/html/sigma/frontend/web/" is forbidden, client: ::1, server: , request: "GET / HTTP/1.1", host: "localhost"
2019/01/15 15:58:36 [error] 17380#17380: *35 FastCGI sent in stderr: "PHP message: An Error occurred while handling another error:
yii\base\InvalidConfigException: Unknown component ID: request in /var/www/html/sigma/vendor/yiisoft/yii2/di/ServiceLocator.php:139
Stack trace:
#0 /var/www/html/sigma/vendor/yiisoft/yii2/base/Module.php(742): yii\di\ServiceLocator->get('request', true)
#1 /var/www/html/sigma/vendor/yiisoft/yii2/web/Application.php(160): yii\base\Module->get('request')
#2 /var/www/html/sigma/vendor/yiisoft/yii2/base/Component.php(139): yii\web\Application->getRequest()
#3 /var/www/html/sigma/vendor/yiisoft/yii2/di/ServiceLocator.php(77): yii\base\Component->__get('request')
#4 /var/www/html/sigma/vendor/yiisoft/yii2/web/ErrorHandler.php(499): yii\di\ServiceLocator->__get('request')
#5 /var/www/html/sigma/vendor/yiisoft/yii2/web/ErrorHandler.php(115): yii\web\ErrorHandler->shouldRenderSimpleHtml()
#6 /var/www/html/sigma/vendor/yiisoft/yii2/base/ErrorHandler.php(111): yii\web\ErrorHandler->renderException(Object(yii\base\InvalidConfigException))
#7 [internal funct" while reading upstream, client: ::1, server: , request: "GET /site/driveurl HTTP/1.1", upstream: "fastcgi://unix:/var/run/php/php7.1-fpm.sock:", host: "localhost", referrer: "http://localhost/index.php?r=site%2Fdriveurl"
