::1 - - [15/Jan/2019:10:01:31 +0200] "GET / HTTP/1.1" 403 208 "-" "Mozilla/5.0 (X11; Linux x86_64) AppleWebKit/537.36 (KHTML, like Gecko) Chrome/70.0.3538.110 Safari/537.36"
::1 - - [15/Jan/2019:10:01:32 +0200] "GET / HTTP/1.1" 403 208 "-" "Mozilla/5.0 (X11; Linux x86_64) AppleWebKit/537.36 (KHTML, like Gecko) Chrome/70.0.3538.110 Safari/537.36"
::1 - - [15/Jan/2019:10:01:57 +0200] "GET / HTTP/1.1" 403 208 "-" "Mozilla/5.0 (X11; Linux x86_64) AppleWebKit/537.36 (KHTML, like Gecko) Chrome/70.0.3538.110 Safari/537.36"
::1 - - [15/Jan/2019:10:01:58 +0200] "GET / HTTP/1.1" 403 208 "-" "Mozilla/5.0 (X11; Linux x86_64) AppleWebKit/537.36 (KHTML, like Gecko) Chrome/70.0.3538.110 Safari/537.36"
::1 - - [15/Jan/2019:10:01:58 +0200] "GET / HTTP/1.1" 403 208 "-" "Mozilla/5.0 (X11; Linux x86_64) AppleWebKit/537.36 (KHTML, like Gecko) Chrome/70.0.3538.110 Safari/537.36"
::1 - - [15/Jan/2019:10:01:58 +0200] "GET / HTTP/1.1" 403 208 "-" "Mozilla/5.0 (X11; Linux x86_64) AppleWebKit/537.36 (KHTML, like Gecko) Chrome/70.0.3538.110 Safari/537.36"
::1 - - [15/Jan/2019:10:02:13 +0200] "GET / HTTP/1.1" 403 208 "-" "Mozilla/5.0 (X11; Linux x86_64) AppleWebKit/537.36 (KHTML, like Gecko) Chrome/70.0.3538.110 Safari/537.36"
::1 - - [15/Jan/2019:10:02:14 +0200] "GET / HTTP/1.1" 403 208 "-" "Mozilla/5.0 (X11; Linux x86_64) AppleWebKit/537.36 (KHTML, like Gecko) Chrome/70.0.3538.110 Safari/537.36"
::1 - - [15/Jan/2019:10:02:23 +0200] "GET / HTTP/1.1" 403 208 "-" "Mozilla/5.0 (X11; Linux x86_64) AppleWebKit/537.36 (KHTML, like Gecko) Chrome/70.0.3538.110 Safari/537.36"
::1 - - [15/Jan/2019:10:06:45 +0200] "GET / HTTP/1.1" 403 208 "-" "Mozilla/5.0 (X11; Linux x86_64) AppleWebKit/537.36 (KHTML, like Gecko) Chrome/70.0.3538.110 Safari/537.36"
::1 - - [15/Jan/2019:10:06:46 +0200] "GET / HTTP/1.1" 403 208 "-" "Mozilla/5.0 (X11; Linux x86_64) AppleWebKit/537.36 (KHTML, like Gecko) Chrome/70.0.3538.110 Safari/537.36"
::1 - - [15/Jan/2019:10:06:47 +0200] "GET / HTTP/1.1" 403 208 "-" "Mozilla/5.0 (X11; Linux x86_64) AppleWebKit/537.36 (KHTML, like Gecko) Chrome/70.0.3538.110 Safari/537.36"
::1 - - [15/Jan/2019:10:06:47 +0200] "GET / HTTP/1.1" 403 208 "-" "Mozilla/5.0 (X11; Linux x86_64) AppleWebKit/537.36 (KHTML, like Gecko) Chrome/70.0.3538.110 Safari/537.36"
::1 - - [15/Jan/2019:10:06:55 +0200] "GET / HTTP/1.1" 403 208 "-" "Mozilla/5.0 (X11; Linux x86_64) AppleWebKit/537.36 (KHTML, like Gecko) Chrome/70.0.3538.110 Safari/537.36"
::1 - - [15/Jan/2019:10:06:55 +0200] "GET / HTTP/1.1" 403 208 "-" "Mozilla/5.0 (X11; Linux x86_64) AppleWebKit/537.36 (KHTML, like Gecko) Chrome/70.0.3538.110 Safari/537.36"
::1 - - [15/Jan/2019:10:06:56 +0200] "GET / HTTP/1.1" 403 208 "-" "Mozilla/5.0 (X11; Linux x86_64) AppleWebKit/537.36 (KHTML, like Gecko) Chrome/70.0.3538.110 Safari/537.36"
::1 - - [15/Jan/2019:10:06:56 +0200] "GET / HTTP/1.1" 403 208 "-" "Mozilla/5.0 (X11; Linux x86_64) AppleWebKit/537.36 (KHTML, like Gecko) Chrome/70.0.3538.110 Safari/537.36"
::1 - - [15/Jan/2019:10:08:08 +0200] "GET / HTTP/1.1" 403 208 "-" "Mozilla/5.0 (X11; Linux x86_64) AppleWebKit/537.36 (KHTML, like Gecko) Chrome/70.0.3538.110 Safari/537.36"
::1 - - [15/Jan/2019:10:08:13 +0200] "GET / HTTP/1.1" 403 208 "-" "Mozilla/5.0 (X11; Linux x86_64) AppleWebKit/537.36 (KHTML, like Gecko) Chrome/70.0.3538.110 Safari/537.36"
::1 - - [15/Jan/2019:10:08:15 +0200] "GET / HTTP/1.1" 403 208 "-" "Mozilla/5.0 (X11; Linux x86_64) AppleWebKit/537.36 (KHTML, like Gecko) Chrome/70.0.3538.110 Safari/537.36"
::1 - - [15/Jan/2019:10:09:36 +0200] "GET / HTTP/1.1" 403 208 "-" "Mozilla/5.0 (X11; Linux x86_64) AppleWebKit/537.36 (KHTML, like Gecko) Chrome/70.0.3538.110 Safari/537.36"
::1 - - [15/Jan/2019:10:10:09 +0200] "GET / HTTP/1.1" 403 208 "-" "Mozilla/5.0 (X11; Linux x86_64) AppleWebKit/537.36 (KHTML, like Gecko) Chrome/70.0.3538.110 Safari/537.36"
::1 - - [15/Jan/2019:10:10:10 +0200] "GET / HTTP/1.1" 403 208 "-" "Mozilla/5.0 (X11; Linux x86_64) AppleWebKit/537.36 (KHTML, like Gecko) Chrome/70.0.3538.110 Safari/537.36"
::1 - - [15/Jan/2019:10:10:54 +0200] "GET / HTTP/1.1" 403 208 "-" "Mozilla/5.0 (X11; Linux x86_64) AppleWebKit/537.36 (KHTML, like Gecko) Chrome/70.0.3538.110 Safari/537.36"
::1 - - [15/Jan/2019:10:11:35 +0200] "GET / HTTP/1.1" 403 208 "-" "Mozilla/5.0 (X11; Linux x86_64) AppleWebKit/537.36 (KHTML, like Gecko) Chrome/70.0.3538.110 Safari/537.36"
::1 - - [15/Jan/2019:10:12:43 +0200] "GET / HTTP/1.1" 403 208 "-" "Mozilla/5.0 (X11; Linux x86_64) AppleWebKit/537.36 (KHTML, like Gecko) Chrome/70.0.3538.110 Safari/537.36"
::1 - - [15/Jan/2019:10:12:44 +0200] "GET / HTTP/1.1" 403 208 "-" "Mozilla/5.0 (X11; Linux x86_64) AppleWebKit/537.36 (KHTML, like Gecko) Chrome/70.0.3538.110 Safari/537.36"
::1 - - [15/Jan/2019:10:12:48 +0200] "GET / HTTP/1.1" 403 208 "-" "Mozilla/5.0 (X11; Linux x86_64) AppleWebKit/537.36 (KHTML, like Gecko) Chrome/70.0.3538.110 Safari/537.36"
::1 - - [15/Jan/2019:10:12:49 +0200] "GET /favicon.ico HTTP/1.1" 200 318 "http://localhost/" "Mozilla/5.0 (X11; Linux x86_64) AppleWebKit/537.36 (KHTML, like Gecko) Chrome/70.0.3538.110 Safari/537.36"
::1 - - [15/Jan/2019:10:12:52 +0200] "GET / HTTP/1.1" 403 208 "-" "Mozilla/5.0 (X11; Linux x86_64) AppleWebKit/537.36 (KHTML, like Gecko) Chrome/70.0.3538.110 Safari/537.36"
::1 - - [15/Jan/2019:10:13:03 +0200] "GET / HTTP/1.1" 403 208 "-" "Mozilla/5.0 (X11; Linux x86_64) AppleWebKit/537.36 (KHTML, like Gecko) Chrome/70.0.3538.110 Safari/537.36"
::1 - - [15/Jan/2019:10:13:23 +0200] "GET / HTTP/1.1" 403 208 "-" "Mozilla/5.0 (X11; Linux x86_64) AppleWebKit/537.36 (KHTML, like Gecko) Chrome/70.0.3538.110 Safari/537.36"
::1 - - [15/Jan/2019:10:13:31 +0200] "GET / HTTP/1.1" 403 208 "-" "Mozilla/5.0 (X11; Linux x86_64) AppleWebKit/537.36 (KHTML, like Gecko) Chrome/70.0.3538.110 Safari/537.36"
::1 - - [15/Jan/2019:10:13:34 +0200] "GET / HTTP/1.1" 403 208 "-" "Mozilla/5.0 (X11; Linux x86_64) AppleWebKit/537.36 (KHTML, like Gecko) Chrome/70.0.3538.110 Safari/537.36"
::1 - - [15/Jan/2019:10:13:47 +0200] "GET / HTTP/1.1" 403 208 "-" "Mozilla/5.0 (X11; Linux x86_64) AppleWebKit/537.36 (KHTML, like Gecko) Chrome/70.0.3538.110 Safari/537.36"
::1 - - [15/Jan/2019:10:13:50 +0200] "GET / HTTP/1.1" 403 208 "-" "Mozilla/5.0 (X11; Linux x86_64) AppleWebKit/537.36 (KHTML, like Gecko) Chrome/70.0.3538.110 Safari/537.36"
::1 - - [15/Jan/2019:10:14:07 +0200] "GET / HTTP/1.1" 403 208 "-" "Mozilla/5.0 (X11; Linux x86_64) AppleWebKit/537.36 (KHTML, like Gecko) Chrome/70.0.3538.110 Safari/537.36"
::1 - - [15/Jan/2019:10:14:08 +0200] "GET / HTTP/1.1" 403 208 "-" "Mozilla/5.0 (X11; Linux x86_64) AppleWebKit/537.36 (KHTML, like Gecko) Chrome/70.0.3538.110 Safari/537.36"
::1 - - [15/Jan/2019:10:14:08 +0200] "GET / HTTP/1.1" 403 208 "-" "Mozilla/5.0 (X11; Linux x86_64) AppleWebKit/537.36 (KHTML, like Gecko) Chrome/70.0.3538.110 Safari/537.36"
::1 - - [15/Jan/2019:10:14:50 +0200] "GET / HTTP/1.1" 403 208 "-" "Mozilla/5.0 (X11; Linux x86_64) AppleWebKit/537.36 (KHTML, like Gecko) Chrome/70.0.3538.110 Safari/537.36"
::1 - - [15/Jan/2019:10:14:51 +0200] "GET / HTTP/1.1" 403 208 "-" "Mozilla/5.0 (X11; Linux x86_64) AppleWebKit/537.36 (KHTML, like Gecko) Chrome/70.0.3538.110 Safari/537.36"
::1 - - [15/Jan/2019:10:15:08 +0200] "GET /site/driveurl HTTP/1.1" 404 209 "-" "Mozilla/5.0 (X11; Linux x86_64) AppleWebKit/537.36 (KHTML, like Gecko) Chrome/70.0.3538.110 Safari/537.36"
::1 - - [15/Jan/2019:10:15:55 +0200] "GET /site/driveurl HTTP/1.1" 404 209 "-" "Mozilla/5.0 (X11; Linux x86_64) AppleWebKit/537.36 (KHTML, like Gecko) Chrome/70.0.3538.110 Safari/537.36"
::1 - - [15/Jan/2019:10:15:57 +0200] "GET /site/driveurl HTTP/1.1" 404 209 "-" "Mozilla/5.0 (X11; Linux x86_64) AppleWebKit/537.36 (KHTML, like Gecko) Chrome/70.0.3538.110 Safari/537.36"
::1 - - [15/Jan/2019:10:15:58 +0200] "GET /site/driveurl HTTP/1.1" 404 209 "-" "Mozilla/5.0 (X11; Linux x86_64) AppleWebKit/537.36 (KHTML, like Gecko) Chrome/70.0.3538.110 Safari/537.36"
::1 - - [15/Jan/2019:10:16:07 +0200] "GET /site/driveurl HTTP/1.1" 404 209 "-" "Mozilla/5.0 (X11; Linux x86_64) AppleWebKit/537.36 (KHTML, like Gecko) Chrome/70.0.3538.110 Safari/537.36"
::1 - - [15/Jan/2019:10:16:08 +0200] "GET /site/driveurl HTTP/1.1" 404 209 "-" "Mozilla/5.0 (X11; Linux x86_64) AppleWebKit/537.36 (KHTML, like Gecko) Chrome/70.0.3538.110 Safari/537.36"
::1 - - [15/Jan/2019:10:16:08 +0200] "GET /site/driveurl HTTP/1.1" 404 209 "-" "Mozilla/5.0 (X11; Linux x86_64) AppleWebKit/537.36 (KHTML, like Gecko) Chrome/70.0.3538.110 Safari/537.36"
::1 - - [15/Jan/2019:10:16:08 +0200] "GET /site/driveurl HTTP/1.1" 404 209 "-" "Mozilla/5.0 (X11; Linux x86_64) AppleWebKit/537.36 (KHTML, like Gecko) Chrome/70.0.3538.110 Safari/537.36"
::1 - - [15/Jan/2019:10:16:08 +0200] "GET /site/driveurl HTTP/1.1" 404 209 "-" "Mozilla/5.0 (X11; Linux x86_64) AppleWebKit/537.36 (KHTML, like Gecko) Chrome/70.0.3538.110 Safari/537.36"
::1 - - [15/Jan/2019:10:16:13 +0200] "GET / HTTP/1.1" 403 208 "-" "Mozilla/5.0 (X11; Linux x86_64) AppleWebKit/537.36 (KHTML, like Gecko) Chrome/70.0.3538.110 Safari/537.36"
::1 - - [15/Jan/2019:10:16:16 +0200] "GET / HTTP/1.1" 403 208 "-" "Mozilla/5.0 (X11; Linux x86_64) AppleWebKit/537.36 (KHTML, like Gecko) Chrome/70.0.3538.110 Safari/537.36"
::1 - - [15/Jan/2019:10:19:26 +0200] "GET / HTTP/1.1" 403 208 "-" "Mozilla/5.0 (X11; Linux x86_64) AppleWebKit/537.36 (KHTML, like Gecko) Chrome/70.0.3538.110 Safari/537.36"
::1 - - [15/Jan/2019:10:19:26 +0200] "GET /favicon.ico HTTP/1.1" 200 318 "http://localhost/" "Mozilla/5.0 (X11; Linux x86_64) AppleWebKit/537.36 (KHTML, like Gecko) Chrome/70.0.3538.110 Safari/537.36"
::1 - - [15/Jan/2019:10:19:27 +0200] "GET / HTTP/1.1" 403 208 "-" "Mozilla/5.0 (X11; Linux x86_64) AppleWebKit/537.36 (KHTML, like Gecko) Chrome/70.0.3538.110 Safari/537.36"
::1 - - [15/Jan/2019:10:19:27 +0200] "GET /favicon.ico HTTP/1.1" 200 318 "http://localhost/" "Mozilla/5.0 (X11; Linux x86_64) AppleWebKit/537.36 (KHTML, like Gecko) Chrome/70.0.3538.110 Safari/537.36"
::1 - - [15/Jan/2019:10:19:28 +0200] "GET / HTTP/1.1" 403 208 "-" "Mozilla/5.0 (X11; Linux x86_64) AppleWebKit/537.36 (KHTML, like Gecko) Chrome/70.0.3538.110 Safari/537.36"
::1 - - [15/Jan/2019:10:19:28 +0200] "GET /favicon.ico HTTP/1.1" 200 318 "http://localhost/" "Mozilla/5.0 (X11; Linux x86_64) AppleWebKit/537.36 (KHTML, like Gecko) Chrome/70.0.3538.110 Safari/537.36"
::1 - - [15/Jan/2019:10:19:28 +0200] "GET / HTTP/1.1" 403 208 "-" "Mozilla/5.0 (X11; Linux x86_64) AppleWebKit/537.36 (KHTML, like Gecko) Chrome/70.0.3538.110 Safari/537.36"
::1 - - [15/Jan/2019:10:19:28 +0200] "GET /favicon.ico HTTP/1.1" 200 318 "http://localhost/" "Mozilla/5.0 (X11; Linux x86_64) AppleWebKit/537.36 (KHTML, like Gecko) Chrome/70.0.3538.110 Safari/537.36"
::1 - - [15/Jan/2019:10:19:28 +0200] "GET / HTTP/1.1" 403 208 "-" "Mozilla/5.0 (X11; Linux x86_64) AppleWebKit/537.36 (KHTML, like Gecko) Chrome/70.0.3538.110 Safari/537.36"
::1 - - [15/Jan/2019:10:19:28 +0200] "GET /favicon.ico HTTP/1.1" 200 318 "http://localhost/" "Mozilla/5.0 (X11; Linux x86_64) AppleWebKit/537.36 (KHTML, like Gecko) Chrome/70.0.3538.110 Safari/537.36"
::1 - - [15/Jan/2019:10:19:28 +0200] "GET / HTTP/1.1" 403 208 "-" "Mozilla/5.0 (X11; Linux x86_64) AppleWebKit/537.36 (KHTML, like Gecko) Chrome/70.0.3538.110 Safari/537.36"
::1 - - [15/Jan/2019:10:19:28 +0200] "GET /favicon.ico HTTP/1.1" 200 318 "http://localhost/" "Mozilla/5.0 (X11; Linux x86_64) AppleWebKit/537.36 (KHTML, like Gecko) Chrome/70.0.3538.110 Safari/537.36"
::1 - - [15/Jan/2019:10:19:28 +0200] "GET / HTTP/1.1" 403 208 "-" "Mozilla/5.0 (X11; Linux x86_64) AppleWebKit/537.36 (KHTML, like Gecko) Chrome/70.0.3538.110 Safari/537.36"
::1 - - [15/Jan/2019:10:19:28 +0200] "GET /favicon.ico HTTP/1.1" 200 318 "http://localhost/" "Mozilla/5.0 (X11; Linux x86_64) AppleWebKit/537.36 (KHTML, like Gecko) Chrome/70.0.3538.110 Safari/537.36"
::1 - - [15/Jan/2019:10:19:28 +0200] "GET / HTTP/1.1" 403 208 "-" "Mozilla/5.0 (X11; Linux x86_64) AppleWebKit/537.36 (KHTML, like Gecko) Chrome/70.0.3538.110 Safari/537.36"
::1 - - [15/Jan/2019:10:19:29 +0200] "GET /favicon.ico HTTP/1.1" 200 318 "http://localhost/" "Mozilla/5.0 (X11; Linux x86_64) AppleWebKit/537.36 (KHTML, like Gecko) Chrome/70.0.3538.110 Safari/537.36"
::1 - - [15/Jan/2019:10:19:29 +0200] "GET / HTTP/1.1" 403 208 "-" "Mozilla/5.0 (X11; Linux x86_64) AppleWebKit/537.36 (KHTML, like Gecko) Chrome/70.0.3538.110 Safari/537.36"
::1 - - [15/Jan/2019:10:19:29 +0200] "GET /favicon.ico HTTP/1.1" 200 318 "http://localhost/" "Mozilla/5.0 (X11; Linux x86_64) AppleWebKit/537.36 (KHTML, like Gecko) Chrome/70.0.3538.110 Safari/537.36"
::1 - - [15/Jan/2019:15:50:56 +0200] "GET / HTTP/1.1" 200 8018 "-" "Mozilla/5.0 (X11; Linux x86_64) AppleWebKit/537.36 (KHTML, like Gecko) Chrome/70.0.3538.110 Safari/537.36"
::1 - - [15/Jan/2019:15:50:56 +0200] "GET /assets/406f9086/css/bootstrap.css HTTP/1.1" 200 146010 "http://localhost/" "Mozilla/5.0 (X11; Linux x86_64) AppleWebKit/537.36 (KHTML, like Gecko) Chrome/70.0.3538.110 Safari/537.36"
::1 - - [15/Jan/2019:15:50:56 +0200] "GET /css/site.css HTTP/1.1" 200 1898 "http://localhost/" "Mozilla/5.0 (X11; Linux x86_64) AppleWebKit/537.36 (KHTML, like Gecko) Chrome/70.0.3538.110 Safari/537.36"
::1 - - [15/Jan/2019:15:50:56 +0200] "GET /assets/5d560380/jquery.js HTTP/1.1" 200 268039 "http://localhost/" "Mozilla/5.0 (X11; Linux x86_64) AppleWebKit/537.36 (KHTML, like Gecko) Chrome/70.0.3538.110 Safari/537.36"
::1 - - [15/Jan/2019:15:50:56 +0200] "GET /assets/406f9086/js/bootstrap.js HTTP/1.1" 200 69707 "http://localhost/" "Mozilla/5.0 (X11; Linux x86_64) AppleWebKit/537.36 (KHTML, like Gecko) Chrome/70.0.3538.110 Safari/537.36"
::1 - - [15/Jan/2019:15:50:56 +0200] "GET /assets/ff6dcc90/yii.js HTTP/1.1" 200 20203 "http://localhost/" "Mozilla/5.0 (X11; Linux x86_64) AppleWebKit/537.36 (KHTML, like Gecko) Chrome/70.0.3538.110 Safari/537.36"
::1 - - [15/Jan/2019:15:50:56 +0200] "GET /index.php?r=debug%2Fdefault%2Ftoolbar&tag=5c3de5404572d HTTP/1.1" 200 3362 "http://localhost/" "Mozilla/5.0 (X11; Linux x86_64) AppleWebKit/537.36 (KHTML, like Gecko) Chrome/70.0.3538.110 Safari/537.36"
::1 - - [15/Jan/2019:15:50:58 +0200] "GET /index.php?r=site%2Fdriveurl HTTP/1.1" 500 90016 "http://localhost/" "Mozilla/5.0 (X11; Linux x86_64) AppleWebKit/537.36 (KHTML, like Gecko) Chrome/70.0.3538.110 Safari/537.36"
::1 - - [15/Jan/2019:15:50:58 +0200] "GET /index.php?r=debug%2Fdefault%2Ftoolbar&tag=5c3de5425a298 HTTP/1.1" 200 3384 "http://localhost/index.php?r=site%2Fdriveurl" "Mozilla/5.0 (X11; Linux x86_64) AppleWebKit/537.36 (KHTML, like Gecko) Chrome/70.0.3538.110 Safari/537.36"
::1 - - [15/Jan/2019:15:52:46 +0200] "GET /index.php?r=site%2Fdriveurl HTTP/1.1" 500 90016 "http://localhost/" "Mozilla/5.0 (X11; Linux x86_64) AppleWebKit/537.36 (KHTML, like Gecko) Chrome/70.0.3538.110 Safari/537.36"
::1 - - [15/Jan/2019:15:52:46 +0200] "GET /index.php?r=debug%2Fdefault%2Ftoolbar&tag=5c3de5aed7474 HTTP/1.1" 200 3384 "http://localhost/index.php?r=site%2Fdriveurl" "Mozilla/5.0 (X11; Linux x86_64) AppleWebKit/537.36 (KHTML, like Gecko) Chrome/70.0.3538.110 Safari/537.36"
::1 - - [15/Jan/2019:15:52:47 +0200] "GET /index.php?r=site%2Fdriveurl HTTP/1.1" 500 90016 "http://localhost/" "Mozilla/5.0 (X11; Linux x86_64) AppleWebKit/537.36 (KHTML, like Gecko) Chrome/70.0.3538.110 Safari/537.36"
::1 - - [15/Jan/2019:15:52:47 +0200] "GET /index.php?r=debug%2Fdefault%2Ftoolbar&tag=5c3de5afca7ed HTTP/1.1" 200 3384 "http://localhost/index.php?r=site%2Fdriveurl" "Mozilla/5.0 (X11; Linux x86_64) AppleWebKit/537.36 (KHTML, like Gecko) Chrome/70.0.3538.110 Safari/537.36"
::1 - - [15/Jan/2019:15:52:48 +0200] "GET /index.php?r=site%2Fdriveurl HTTP/1.1" 500 90016 "http://localhost/" "Mozilla/5.0 (X11; Linux x86_64) AppleWebKit/537.36 (KHTML, like Gecko) Chrome/70.0.3538.110 Safari/537.36"
::1 - - [15/Jan/2019:15:52:48 +0200] "GET /index.php?r=debug%2Fdefault%2Ftoolbar&tag=5c3de5b02f0eb HTTP/1.1" 200 3383 "http://localhost/index.php?r=site%2Fdriveurl" "Mozilla/5.0 (X11; Linux x86_64) AppleWebKit/537.36 (KHTML, like Gecko) Chrome/70.0.3538.110 Safari/537.36"
::1 - - [15/Jan/2019:15:52:48 +0200] "GET /index.php?r=site%2Fdriveurl HTTP/1.1" 500 90016 "http://localhost/" "Mozilla/5.0 (X11; Linux x86_64) AppleWebKit/537.36 (KHTML, like Gecko) Chrome/70.0.3538.110 Safari/537.36"
::1 - - [15/Jan/2019:15:52:48 +0200] "GET /index.php?r=debug%2Fdefault%2Ftoolbar&tag=5c3de5b06a11f HTTP/1.1" 200 3384 "http://localhost/index.php?r=site%2Fdriveurl" "Mozilla/5.0 (X11; Linux x86_64) AppleWebKit/537.36 (KHTML, like Gecko) Chrome/70.0.3538.110 Safari/537.36"
::1 - - [15/Jan/2019:15:52:48 +0200] "GET /index.php?r=site%2Fdriveurl HTTP/1.1" 500 90016 "http://localhost/" "Mozilla/5.0 (X11; Linux x86_64) AppleWebKit/537.36 (KHTML, like Gecko) Chrome/70.0.3538.110 Safari/537.36"
::1 - - [15/Jan/2019:15:52:48 +0200] "GET /index.php?r=debug%2Fdefault%2Ftoolbar&tag=5c3de5b09c6cf HTTP/1.1" 200 3384 "http://localhost/index.php?r=site%2Fdriveurl" "Mozilla/5.0 (X11; Linux x86_64) AppleWebKit/537.36 (KHTML, like Gecko) Chrome/70.0.3538.110 Safari/537.36"
::1 - - [15/Jan/2019:15:52:48 +0200] "GET /index.php?r=site%2Fdriveurl HTTP/1.1" 500 90016 "http://localhost/" "Mozilla/5.0 (X11; Linux x86_64) AppleWebKit/537.36 (KHTML, like Gecko) Chrome/70.0.3538.110 Safari/537.36"
::1 - - [15/Jan/2019:15:52:48 +0200] "GET /index.php?r=debug%2Fdefault%2Ftoolbar&tag=5c3de5b0d1083 HTTP/1.1" 200 3384 "http://localhost/index.php?r=site%2Fdriveurl" "Mozilla/5.0 (X11; Linux x86_64) AppleWebKit/537.36 (KHTML, like Gecko) Chrome/70.0.3538.110 Safari/537.36"
::1 - - [15/Jan/2019:15:52:49 +0200] "GET /index.php?r=site%2Fdriveurl HTTP/1.1" 500 90016 "http://localhost/" "Mozilla/5.0 (X11; Linux x86_64) AppleWebKit/537.36 (KHTML, like Gecko) Chrome/70.0.3538.110 Safari/537.36"
::1 - - [15/Jan/2019:15:52:49 +0200] "GET /index.php?r=debug%2Fdefault%2Ftoolbar&tag=5c3de5b10cc7b HTTP/1.1" 200 3384 "http://localhost/index.php?r=site%2Fdriveurl" "Mozilla/5.0 (X11; Linux x86_64) AppleWebKit/537.36 (KHTML, like Gecko) Chrome/70.0.3538.110 Safari/537.36"
::1 - - [15/Jan/2019:15:52:49 +0200] "GET /index.php?r=site%2Fdriveurl HTTP/1.1" 500 90016 "http://localhost/" "Mozilla/5.0 (X11; Linux x86_64) AppleWebKit/537.36 (KHTML, like Gecko) Chrome/70.0.3538.110 Safari/537.36"
::1 - - [15/Jan/2019:15:52:49 +0200] "GET /index.php?r=debug%2Fdefault%2Ftoolbar&tag=5c3de5b1369ab HTTP/1.1" 200 3384 "http://localhost/index.php?r=site%2Fdriveurl" "Mozilla/5.0 (X11; Linux x86_64) AppleWebKit/537.36 (KHTML, like Gecko) Chrome/70.0.3538.110 Safari/537.36"
::1 - - [15/Jan/2019:15:53:35 +0200] "GET /index.php?r=site%2Fdriveurl HTTP/1.1" 500 90016 "http://localhost/" "Mozilla/5.0 (X11; Linux x86_64) AppleWebKit/537.36 (KHTML, like Gecko) Chrome/70.0.3538.110 Safari/537.36"
::1 - - [15/Jan/2019:15:53:35 +0200] "GET /index.php?r=debug%2Fdefault%2Ftoolbar&tag=5c3de5df5be9f HTTP/1.1" 200 3384 "http://localhost/index.php?r=site%2Fdriveurl" "Mozilla/5.0 (X11; Linux x86_64) AppleWebKit/537.36 (KHTML, like Gecko) Chrome/70.0.3538.110 Safari/537.36"
::1 - - [15/Jan/2019:15:55:27 +0200] "GET /index.php?r=site%2Fdriveurl HTTP/1.1" 200 7997 "http://localhost/" "Mozilla/5.0 (X11; Linux x86_64) AppleWebKit/537.36 (KHTML, like Gecko) Chrome/70.0.3538.110 Safari/537.36"
::1 - - [15/Jan/2019:15:55:27 +0200] "GET /assets/406f9086/css/bootstrap.css HTTP/1.1" 304 0 "http://localhost/index.php?r=site%2Fdriveurl" "Mozilla/5.0 (X11; Linux x86_64) AppleWebKit/537.36 (KHTML, like Gecko) Chrome/70.0.3538.110 Safari/537.36"
::1 - - [15/Jan/2019:15:55:27 +0200] "GET /assets/5d560380/jquery.js HTTP/1.1" 304 0 "http://localhost/index.php?r=site%2Fdriveurl" "Mozilla/5.0 (X11; Linux x86_64) AppleWebKit/537.36 (KHTML, like Gecko) Chrome/70.0.3538.110 Safari/537.36"
::1 - - [15/Jan/2019:15:55:27 +0200] "GET /assets/ff6dcc90/yii.js HTTP/1.1" 304 0 "http://localhost/index.php?r=site%2Fdriveurl" "Mozilla/5.0 (X11; Linux x86_64) AppleWebKit/537.36 (KHTML, like Gecko) Chrome/70.0.3538.110 Safari/537.36"
::1 - - [15/Jan/2019:15:55:27 +0200] "GET /assets/406f9086/js/bootstrap.js HTTP/1.1" 304 0 "http://localhost/index.php?r=site%2Fdriveurl" "Mozilla/5.0 (X11; Linux x86_64) AppleWebKit/537.36 (KHTML, like Gecko) Chrome/70.0.3538.110 Safari/537.36"
::1 - - [15/Jan/2019:15:55:27 +0200] "GET /debug/default/toolbar?tag=5c3de64f4a33d HTTP/1.1" 200 3348 "http://localhost/index.php?r=site%2Fdriveurl" "Mozilla/5.0 (X11; Linux x86_64) AppleWebKit/537.36 (KHTML, like Gecko) Chrome/70.0.3538.110 Safari/537.36"
::1 - - [15/Jan/2019:15:55:29 +0200] "GET /site/driveurl HTTP/1.1" 500 89698 "http://localhost/index.php?r=site%2Fdriveurl" "Mozilla/5.0 (X11; Linux x86_64) AppleWebKit/537.36 (KHTML, like Gecko) Chrome/70.0.3538.110 Safari/537.36"
::1 - - [15/Jan/2019:15:55:29 +0200] "GET /debug/default/toolbar?tag=5c3de651015d6 HTTP/1.1" 200 3372 "http://localhost/site/driveurl" "Mozilla/5.0 (X11; Linux x86_64) AppleWebKit/537.36 (KHTML, like Gecko) Chrome/70.0.3538.110 Safari/537.36"
::1 - - [15/Jan/2019:15:58:36 +0200] "GET /site/driveurl HTTP/1.1" 500 2139 "http://localhost/index.php?r=site%2Fdriveurl" "Mozilla/5.0 (X11; Linux x86_64) AppleWebKit/537.36 (KHTML, like Gecko) Chrome/70.0.3538.110 Safari/537.36"
::1 - - [15/Jan/2019:15:59:43 +0200] "GET /site/driveurl HTTP/1.1" 500 104447 "http://localhost/index.php?r=site%2Fdriveurl" "Mozilla/5.0 (X11; Linux x86_64) AppleWebKit/537.36 (KHTML, like Gecko) Chrome/70.0.3538.110 Safari/537.36"
::1 - - [15/Jan/2019:15:59:43 +0200] "GET /debug/default/toolbar?tag=5c3de74f75311 HTTP/1.1" 200 3366 "http://localhost/site/driveurl" "Mozilla/5.0 (X11; Linux x86_64) AppleWebKit/537.36 (KHTML, like Gecko) Chrome/70.0.3538.110 Safari/537.36"
::1 - - [15/Jan/2019:16:00:04 +0200] "GET /site/driveurl HTTP/1.1" 500 104507 "http://localhost/index.php?r=site%2Fdriveurl" "Mozilla/5.0 (X11; Linux x86_64) AppleWebKit/537.36 (KHTML, like Gecko) Chrome/70.0.3538.110 Safari/537.36"
::1 - - [15/Jan/2019:16:00:04 +0200] "GET /debug/default/toolbar?tag=5c3de763f2ac2 HTTP/1.1" 200 3368 "http://localhost/site/driveurl" "Mozilla/5.0 (X11; Linux x86_64) AppleWebKit/537.36 (KHTML, like Gecko) Chrome/70.0.3538.110 Safari/537.36"
::1 - - [15/Jan/2019:16:00:17 +0200] "GET /site/driveurl HTTP/1.1" 500 61805 "http://localhost/index.php?r=site%2Fdriveurl" "Mozilla/5.0 (X11; Linux x86_64) AppleWebKit/537.36 (KHTML, like Gecko) Chrome/70.0.3538.110 Safari/537.36"
::1 - - [15/Jan/2019:16:00:56 +0200] "GET /site/driveurl HTTP/1.1" 302 5 "http://localhost/index.php?r=site%2Fdriveurl" "Mozilla/5.0 (X11; Linux x86_64) AppleWebKit/537.36 (KHTML, like Gecko) Chrome/70.0.3538.110 Safari/537.36"
::1 - - [15/Jan/2019:16:01:05 +0200] "GET /site/callback?code=4/0wADUb7TAHMKdGHQ6bLpWRkUmDiPBlu6O44AbIfIgwNktVU6HxS-AEwwHvLVGcsk3IssvWmPaYBbjfe3aP4fPTQ&scope=https://www.googleapis.com/auth/drive HTTP/1.1" 200 357 "-" "Mozilla/5.0 (X11; Linux x86_64) AppleWebKit/537.36 (KHTML, like Gecko) Chrome/70.0.3538.110 Safari/537.36"
::1 - - [15/Jan/2019:16:01:16 +0200] "GET /site/callback?code=4/0wADUb7TAHMKdGHQ6bLpWRkUmDiPBlu6O44AbIfIgwNktVU6HxS-AEwwHvLVGcsk3IssvWmPaYBbjfe3aP4fPTQ&scope=https://www.googleapis.com/auth/drive HTTP/1.1" 200 357 "-" "Mozilla/5.0 (X11; Linux x86_64) AppleWebKit/537.36 (KHTML, like Gecko) Chrome/70.0.3538.110 Safari/537.36"
::1 - - [15/Jan/2019:16:01:28 +0200] "GET /site/callback?code=4/0wADUb7TAHMKdGHQ6bLpWRkUmDiPBlu6O44AbIfIgwNktVU6HxS-AEwwHvLVGcsk3IssvWmPaYBbjfe3aP4fPTQ&scope=https://www.googleapis.com/auth/drive HTTP/1.1" 200 11186 "-" "Mozilla/5.0 (X11; Linux x86_64) AppleWebKit/537.36 (KHTML, like Gecko) Chrome/70.0.3538.110 Safari/537.36"
::1 - - [15/Jan/2019:16:01:28 +0200] "GET /assets/406f9086/css/bootstrap.css HTTP/1.1" 304 0 "http://localhost/site/callback?code=4/0wADUb7TAHMKdGHQ6bLpWRkUmDiPBlu6O44AbIfIgwNktVU6HxS-AEwwHvLVGcsk3IssvWmPaYBbjfe3aP4fPTQ&scope=https://www.googleapis.com/auth/drive" "Mozilla/5.0 (X11; Linux x86_64) AppleWebKit/537.36 (KHTML, like Gecko) Chrome/70.0.3538.110 Safari/537.36"
::1 - - [15/Jan/2019:16:01:28 +0200] "GET /assets/5d560380/jquery.js HTTP/1.1" 304 0 "http://localhost/site/callback?code=4/0wADUb7TAHMKdGHQ6bLpWRkUmDiPBlu6O44AbIfIgwNktVU6HxS-AEwwHvLVGcsk3IssvWmPaYBbjfe3aP4fPTQ&scope=https://www.googleapis.com/auth/drive" "Mozilla/5.0 (X11; Linux x86_64) AppleWebKit/537.36 (KHTML, like Gecko) Chrome/70.0.3538.110 Safari/537.36"
::1 - - [15/Jan/2019:16:01:28 +0200] "GET /assets/ff6dcc90/yii.js HTTP/1.1" 304 0 "http://localhost/site/callback?code=4/0wADUb7TAHMKdGHQ6bLpWRkUmDiPBlu6O44AbIfIgwNktVU6HxS-AEwwHvLVGcsk3IssvWmPaYBbjfe3aP4fPTQ&scope=https://www.googleapis.com/auth/drive" "Mozilla/5.0 (X11; Linux x86_64) AppleWebKit/537.36 (KHTML, like Gecko) Chrome/70.0.3538.110 Safari/537.36"
::1 - - [15/Jan/2019:16:01:28 +0200] "GET /assets/406f9086/js/bootstrap.js HTTP/1.1" 304 0 "http://localhost/site/callback?code=4/0wADUb7TAHMKdGHQ6bLpWRkUmDiPBlu6O44AbIfIgwNktVU6HxS-AEwwHvLVGcsk3IssvWmPaYBbjfe3aP4fPTQ&scope=https://www.googleapis.com/auth/drive" "Mozilla/5.0 (X11; Linux x86_64) AppleWebKit/537.36 (KHTML, like Gecko) Chrome/70.0.3538.110 Safari/537.36"
::1 - - [15/Jan/2019:16:01:28 +0200] "GET /debug/default/toolbar?tag=5c3de7b7ca6aa HTTP/1.1" 200 3353 "http://localhost/site/callback?code=4/0wADUb7TAHMKdGHQ6bLpWRkUmDiPBlu6O44AbIfIgwNktVU6HxS-AEwwHvLVGcsk3IssvWmPaYBbjfe3aP4fPTQ&scope=https://www.googleapis.com/auth/drive" "Mozilla/5.0 (X11; Linux x86_64) AppleWebKit/537.36 (KHTML, like Gecko) Chrome/70.0.3538.110 Safari/537.36"
::1 - - [15/Jan/2019:16:01:59 +0200] "GET /site/callback?code=4/0wADUb7TAHMKdGHQ6bLpWRkUmDiPBlu6O44AbIfIgwNktVU6HxS-AEwwHvLVGcsk3IssvWmPaYBbjfe3aP4fPTQ&scope=https://www.googleapis.com/auth/drive HTTP/1.1" 200 11174 "-" "Mozilla/5.0 (X11; Linux x86_64) AppleWebKit/537.36 (KHTML, like Gecko) Chrome/70.0.3538.110 Safari/537.36"
::1 - - [15/Jan/2019:16:01:59 +0200] "GET /debug/default/toolbar?tag=5c3de7d694fc7 HTTP/1.1" 200 3353 "http://localhost/site/callback?code=4/0wADUb7TAHMKdGHQ6bLpWRkUmDiPBlu6O44AbIfIgwNktVU6HxS-AEwwHvLVGcsk3IssvWmPaYBbjfe3aP4fPTQ&scope=https://www.googleapis.com/auth/drive" "Mozilla/5.0 (X11; Linux x86_64) AppleWebKit/537.36 (KHTML, like Gecko) Chrome/70.0.3538.110 Safari/537.36"
::1 - - [15/Jan/2019:16:02:03 +0200] "GET /site/callback?code=4/0wADUb7TAHMKdGHQ6bLpWRkUmDiPBlu6O44AbIfIgwNktVU6HxS-AEwwHvLVGcsk3IssvWmPaYBbjfe3aP4fPTQ&scope=https://www.googleapis.com/auth/drive HTTP/1.1" 302 5 "-" "Mozilla/5.0 (X11; Linux x86_64) AppleWebKit/537.36 (KHTML, like Gecko) Chrome/70.0.3538.110 Safari/537.36"
::1 - - [15/Jan/2019:16:02:04 +0200] "GET /site/callback?code=4/0wD3Ngju-iiiD-Pt7iIyB9yCROwkzeltjGNfVoDLBxKsP-JIVpDND-N9efOJ26xKyrBeQoVyngqlEzcqL41_H8Q&scope=https://www.googleapis.com/auth/drive HTTP/1.1" 200 11176 "-" "Mozilla/5.0 (X11; Linux x86_64) AppleWebKit/537.36 (KHTML, like Gecko) Chrome/70.0.3538.110 Safari/537.36"
::1 - - [15/Jan/2019:16:02:04 +0200] "GET /debug/default/toolbar?tag=5c3de7dbf11fa HTTP/1.1" 200 3353 "http://localhost/site/callback?code=4/0wD3Ngju-iiiD-Pt7iIyB9yCROwkzeltjGNfVoDLBxKsP-JIVpDND-N9efOJ26xKyrBeQoVyngqlEzcqL41_H8Q&scope=https://www.googleapis.com/auth/drive" "Mozilla/5.0 (X11; Linux x86_64) AppleWebKit/537.36 (KHTML, like Gecko) Chrome/70.0.3538.110 Safari/537.36"
::1 - - [15/Jan/2019:16:02:06 +0200] "GET /site/callback?code=4/0wD3Ngju-iiiD-Pt7iIyB9yCROwkzeltjGNfVoDLBxKsP-JIVpDND-N9efOJ26xKyrBeQoVyngqlEzcqL41_H8Q&scope=https://www.googleapis.com/auth/drive HTTP/1.1" 302 5 "-" "Mozilla/5.0 (X11; Linux x86_64) AppleWebKit/537.36 (KHTML, like Gecko) Chrome/70.0.3538.110 Safari/537.36"
::1 - - [15/Jan/2019:16:02:08 +0200] "GET /site/callback?code=4/0wB5wbupAh4XPpbLD39wreykUwo1HjOjTQCPrEFmtRdVho1E3lmDd4U3W1Tqq6frRXf5j8CgzWqpIxGXX42DRcc&scope=https://www.googleapis.com/auth/drive HTTP/1.1" 200 11183 "-" "Mozilla/5.0 (X11; Linux x86_64) AppleWebKit/537.36 (KHTML, like Gecko) Chrome/70.0.3538.110 Safari/537.36"
::1 - - [15/Jan/2019:16:02:08 +0200] "GET /debug/default/toolbar?tag=5c3de7df42abb HTTP/1.1" 200 3352 "http://localhost/site/callback?code=4/0wB5wbupAh4XPpbLD39wreykUwo1HjOjTQCPrEFmtRdVho1E3lmDd4U3W1Tqq6frRXf5j8CgzWqpIxGXX42DRcc&scope=https://www.googleapis.com/auth/drive" "Mozilla/5.0 (X11; Linux x86_64) AppleWebKit/537.36 (KHTML, like Gecko) Chrome/70.0.3538.110 Safari/537.36"
::1 - - [15/Jan/2019:16:02:12 +0200] "GET /site/callback?code=4/0wB5wbupAh4XPpbLD39wreykUwo1HjOjTQCPrEFmtRdVho1E3lmDd4U3W1Tqq6frRXf5j8CgzWqpIxGXX42DRcc&scope=https://www.googleapis.com/auth/drive HTTP/1.1" 200 11181 "-" "Mozilla/5.0 (X11; Linux x86_64) AppleWebKit/537.36 (KHTML, like Gecko) Chrome/70.0.3538.110 Safari/537.36"
::1 - - [15/Jan/2019:16:02:12 +0200] "GET /debug/default/toolbar?tag=5c3de7e399336 HTTP/1.1" 200 3353 "http://localhost/site/callback?code=4/0wB5wbupAh4XPpbLD39wreykUwo1HjOjTQCPrEFmtRdVho1E3lmDd4U3W1Tqq6frRXf5j8CgzWqpIxGXX42DRcc&scope=https://www.googleapis.com/auth/drive" "Mozilla/5.0 (X11; Linux x86_64) AppleWebKit/537.36 (KHTML, like Gecko) Chrome/70.0.3538.110 Safari/537.36"
::1 - - [15/Jan/2019:16:02:17 +0200] "GET /site/driveurl HTTP/1.1" 500 62481 "http://localhost/site/callback?code=4/0wB5wbupAh4XPpbLD39wreykUwo1HjOjTQCPrEFmtRdVho1E3lmDd4U3W1Tqq6frRXf5j8CgzWqpIxGXX42DRcc&scope=https://www.googleapis.com/auth/drive" "Mozilla/5.0 (X11; Linux x86_64) AppleWebKit/537.36 (KHTML, like Gecko) Chrome/70.0.3538.110 Safari/537.36"
::1 - - [15/Jan/2019:16:02:48 +0200] "GET /site/driveurl HTTP/1.1" 500 62481 "http://localhost/site/callback?code=4/0wB5wbupAh4XPpbLD39wreykUwo1HjOjTQCPrEFmtRdVho1E3lmDd4U3W1Tqq6frRXf5j8CgzWqpIxGXX42DRcc&scope=https://www.googleapis.com/auth/drive" "Mozilla/5.0 (X11; Linux x86_64) AppleWebKit/537.36 (KHTML, like Gecko) Chrome/70.0.3538.110 Safari/537.36"
::1 - - [15/Jan/2019:16:02:49 +0200] "GET /site/driveurl HTTP/1.1" 500 62481 "http://localhost/site/callback?code=4/0wB5wbupAh4XPpbLD39wreykUwo1HjOjTQCPrEFmtRdVho1E3lmDd4U3W1Tqq6frRXf5j8CgzWqpIxGXX42DRcc&scope=https://www.googleapis.com/auth/drive" "Mozilla/5.0 (X11; Linux x86_64) AppleWebKit/537.36 (KHTML, like Gecko) Chrome/70.0.3538.110 Safari/537.36"
::1 - - [15/Jan/2019:16:02:50 +0200] "GET /site/driveurl HTTP/1.1" 500 62481 "http://localhost/site/callback?code=4/0wB5wbupAh4XPpbLD39wreykUwo1HjOjTQCPrEFmtRdVho1E3lmDd4U3W1Tqq6frRXf5j8CgzWqpIxGXX42DRcc&scope=https://www.googleapis.com/auth/drive" "Mozilla/5.0 (X11; Linux x86_64) AppleWebKit/537.36 (KHTML, like Gecko) Chrome/70.0.3538.110 Safari/537.36"
::1 - - [15/Jan/2019:16:02:50 +0200] "GET /site/driveurl HTTP/1.1" 500 62481 "http://localhost/site/callback?code=4/0wB5wbupAh4XPpbLD39wreykUwo1HjOjTQCPrEFmtRdVho1E3lmDd4U3W1Tqq6frRXf5j8CgzWqpIxGXX42DRcc&scope=https://www.googleapis.com/auth/drive" "Mozilla/5.0 (X11; Linux x86_64) AppleWebKit/537.36 (KHTML, like Gecko) Chrome/70.0.3538.110 Safari/537.36"
::1 - - [15/Jan/2019:16:02:50 +0200] "GET /site/driveurl HTTP/1.1" 500 62481 "http://localhost/site/callback?code=4/0wB5wbupAh4XPpbLD39wreykUwo1HjOjTQCPrEFmtRdVho1E3lmDd4U3W1Tqq6frRXf5j8CgzWqpIxGXX42DRcc&scope=https://www.googleapis.com/auth/drive" "Mozilla/5.0 (X11; Linux x86_64) AppleWebKit/537.36 (KHTML, like Gecko) Chrome/70.0.3538.110 Safari/537.36"
::1 - - [15/Jan/2019:16:02:50 +0200] "GET /site/driveurl HTTP/1.1" 500 62481 "http://localhost/site/callback?code=4/0wB5wbupAh4XPpbLD39wreykUwo1HjOjTQCPrEFmtRdVho1E3lmDd4U3W1Tqq6frRXf5j8CgzWqpIxGXX42DRcc&scope=https://www.googleapis.com/auth/drive" "Mozilla/5.0 (X11; Linux x86_64) AppleWebKit/537.36 (KHTML, like Gecko) Chrome/70.0.3538.110 Safari/537.36"
::1 - - [15/Jan/2019:16:02:50 +0200] "GET /site/driveurl HTTP/1.1" 500 62481 "http://localhost/site/callback?code=4/0wB5wbupAh4XPpbLD39wreykUwo1HjOjTQCPrEFmtRdVho1E3lmDd4U3W1Tqq6frRXf5j8CgzWqpIxGXX42DRcc&scope=https://www.googleapis.com/auth/drive" "Mozilla/5.0 (X11; Linux x86_64) AppleWebKit/537.36 (KHTML, like Gecko) Chrome/70.0.3538.110 Safari/537.36"
::1 - - [15/Jan/2019:16:02:51 +0200] "GET /site/driveurl HTTP/1.1" 500 62481 "http://localhost/site/callback?code=4/0wB5wbupAh4XPpbLD39wreykUwo1HjOjTQCPrEFmtRdVho1E3lmDd4U3W1Tqq6frRXf5j8CgzWqpIxGXX42DRcc&scope=https://www.googleapis.com/auth/drive" "Mozilla/5.0 (X11; Linux x86_64) AppleWebKit/537.36 (KHTML, like Gecko) Chrome/70.0.3538.110 Safari/537.36"
::1 - - [15/Jan/2019:16:02:51 +0200] "GET /site/driveurl HTTP/1.1" 500 62481 "http://localhost/site/callback?code=4/0wB5wbupAh4XPpbLD39wreykUwo1HjOjTQCPrEFmtRdVho1E3lmDd4U3W1Tqq6frRXf5j8CgzWqpIxGXX42DRcc&scope=https://www.googleapis.com/auth/drive" "Mozilla/5.0 (X11; Linux x86_64) AppleWebKit/537.36 (KHTML, like Gecko) Chrome/70.0.3538.110 Safari/537.36"
::1 - - [15/Jan/2019:16:02:51 +0200] "GET /site/driveurl HTTP/1.1" 500 62481 "http://localhost/site/callback?code=4/0wB5wbupAh4XPpbLD39wreykUwo1HjOjTQCPrEFmtRdVho1E3lmDd4U3W1Tqq6frRXf5j8CgzWqpIxGXX42DRcc&scope=https://www.googleapis.com/auth/drive" "Mozilla/5.0 (X11; Linux x86_64) AppleWebKit/537.36 (KHTML, like Gecko) Chrome/70.0.3538.110 Safari/537.36"
::1 - - [15/Jan/2019:16:02:51 +0200] "GET /site/driveurl HTTP/1.1" 500 62481 "http://localhost/site/callback?code=4/0wB5wbupAh4XPpbLD39wreykUwo1HjOjTQCPrEFmtRdVho1E3lmDd4U3W1Tqq6frRXf5j8CgzWqpIxGXX42DRcc&scope=https://www.googleapis.com/auth/drive" "Mozilla/5.0 (X11; Linux x86_64) AppleWebKit/537.36 (KHTML, like Gecko) Chrome/70.0.3538.110 Safari/537.36"
::1 - - [15/Jan/2019:16:03:51 +0200] "GET /site/driveurl HTTP/1.1" 500 62536 "http://localhost/site/callback?code=4/0wB5wbupAh4XPpbLD39wreykUwo1HjOjTQCPrEFmtRdVho1E3lmDd4U3W1Tqq6frRXf5j8CgzWqpIxGXX42DRcc&scope=https://www.googleapis.com/auth/drive" "Mozilla/5.0 (X11; Linux x86_64) AppleWebKit/537.36 (KHTML, like Gecko) Chrome/70.0.3538.110 Safari/537.36"
::1 - - [15/Jan/2019:16:03:52 +0200] "GET /site/driveurl HTTP/1.1" 500 62536 "http://localhost/site/callback?code=4/0wB5wbupAh4XPpbLD39wreykUwo1HjOjTQCPrEFmtRdVho1E3lmDd4U3W1Tqq6frRXf5j8CgzWqpIxGXX42DRcc&scope=https://www.googleapis.com/auth/drive" "Mozilla/5.0 (X11; Linux x86_64) AppleWebKit/537.36 (KHTML, like Gecko) Chrome/70.0.3538.110 Safari/537.36"
::1 - - [15/Jan/2019:16:03:52 +0200] "GET /site/driveurl HTTP/1.1" 500 62536 "http://localhost/site/callback?code=4/0wB5wbupAh4XPpbLD39wreykUwo1HjOjTQCPrEFmtRdVho1E3lmDd4U3W1Tqq6frRXf5j8CgzWqpIxGXX42DRcc&scope=https://www.googleapis.com/auth/drive" "Mozilla/5.0 (X11; Linux x86_64) AppleWebKit/537.36 (KHTML, like Gecko) Chrome/70.0.3538.110 Safari/537.36"
::1 - - [15/Jan/2019:16:03:52 +0200] "GET /site/driveurl HTTP/1.1" 500 62536 "http://localhost/site/callback?code=4/0wB5wbupAh4XPpbLD39wreykUwo1HjOjTQCPrEFmtRdVho1E3lmDd4U3W1Tqq6frRXf5j8CgzWqpIxGXX42DRcc&scope=https://www.googleapis.com/auth/drive" "Mozilla/5.0 (X11; Linux x86_64) AppleWebKit/537.36 (KHTML, like Gecko) Chrome/70.0.3538.110 Safari/537.36"
::1 - - [15/Jan/2019:16:03:59 +0200] "GET /site/driveurl HTTP/1.1" 500 62510 "http://localhost/site/callback?code=4/0wB5wbupAh4XPpbLD39wreykUwo1HjOjTQCPrEFmtRdVho1E3lmDd4U3W1Tqq6frRXf5j8CgzWqpIxGXX42DRcc&scope=https://www.googleapis.com/auth/drive" "Mozilla/5.0 (X11; Linux x86_64) AppleWebKit/537.36 (KHTML, like Gecko) Chrome/70.0.3538.110 Safari/537.36"
::1 - - [15/Jan/2019:16:04:31 +0200] "GET /site/driveurl HTTP/1.1" 500 62510 "http://localhost/site/callback?code=4/0wB5wbupAh4XPpbLD39wreykUwo1HjOjTQCPrEFmtRdVho1E3lmDd4U3W1Tqq6frRXf5j8CgzWqpIxGXX42DRcc&scope=https://www.googleapis.com/auth/drive" "Mozilla/5.0 (X11; Linux x86_64) AppleWebKit/537.36 (KHTML, like Gecko) Chrome/70.0.3538.110 Safari/537.36"
::1 - - [15/Jan/2019:16:04:32 +0200] "GET /site/driveurl HTTP/1.1" 500 62510 "http://localhost/site/callback?code=4/0wB5wbupAh4XPpbLD39wreykUwo1HjOjTQCPrEFmtRdVho1E3lmDd4U3W1Tqq6frRXf5j8CgzWqpIxGXX42DRcc&scope=https://www.googleapis.com/auth/drive" "Mozilla/5.0 (X11; Linux x86_64) AppleWebKit/537.36 (KHTML, like Gecko) Chrome/70.0.3538.110 Safari/537.36"
::1 - - [15/Jan/2019:16:04:32 +0200] "GET /site/driveurl HTTP/1.1" 500 62510 "http://localhost/site/callback?code=4/0wB5wbupAh4XPpbLD39wreykUwo1HjOjTQCPrEFmtRdVho1E3lmDd4U3W1Tqq6frRXf5j8CgzWqpIxGXX42DRcc&scope=https://www.googleapis.com/auth/drive" "Mozilla/5.0 (X11; Linux x86_64) AppleWebKit/537.36 (KHTML, like Gecko) Chrome/70.0.3538.110 Safari/537.36"
::1 - - [15/Jan/2019:16:04:33 +0200] "GET /site/driveurl HTTP/1.1" 500 62510 "http://localhost/site/callback?code=4/0wB5wbupAh4XPpbLD39wreykUwo1HjOjTQCPrEFmtRdVho1E3lmDd4U3W1Tqq6frRXf5j8CgzWqpIxGXX42DRcc&scope=https://www.googleapis.com/auth/drive" "Mozilla/5.0 (X11; Linux x86_64) AppleWebKit/537.36 (KHTML, like Gecko) Chrome/70.0.3538.110 Safari/537.36"
::1 - - [15/Jan/2019:16:04:33 +0200] "GET /site/driveurl HTTP/1.1" 500 62510 "http://localhost/site/callback?code=4/0wB5wbupAh4XPpbLD39wreykUwo1HjOjTQCPrEFmtRdVho1E3lmDd4U3W1Tqq6frRXf5j8CgzWqpIxGXX42DRcc&scope=https://www.googleapis.com/auth/drive" "Mozilla/5.0 (X11; Linux x86_64) AppleWebKit/537.36 (KHTML, like Gecko) Chrome/70.0.3538.110 Safari/537.36"
::1 - - [15/Jan/2019:16:04:33 +0200] "GET /site/driveurl HTTP/1.1" 500 62510 "http://localhost/site/callback?code=4/0wB5wbupAh4XPpbLD39wreykUwo1HjOjTQCPrEFmtRdVho1E3lmDd4U3W1Tqq6frRXf5j8CgzWqpIxGXX42DRcc&scope=https://www.googleapis.com/auth/drive" "Mozilla/5.0 (X11; Linux x86_64) AppleWebKit/537.36 (KHTML, like Gecko) Chrome/70.0.3538.110 Safari/537.36"
::1 - - [15/Jan/2019:16:04:33 +0200] "GET /site/driveurl HTTP/1.1" 500 62510 "http://localhost/site/callback?code=4/0wB5wbupAh4XPpbLD39wreykUwo1HjOjTQCPrEFmtRdVho1E3lmDd4U3W1Tqq6frRXf5j8CgzWqpIxGXX42DRcc&scope=https://www.googleapis.com/auth/drive" "Mozilla/5.0 (X11; Linux x86_64) AppleWebKit/537.36 (KHTML, like Gecko) Chrome/70.0.3538.110 Safari/537.36"
::1 - - [15/Jan/2019:16:04:33 +0200] "GET /site/driveurl HTTP/1.1" 500 62510 "http://localhost/site/callback?code=4/0wB5wbupAh4XPpbLD39wreykUwo1HjOjTQCPrEFmtRdVho1E3lmDd4U3W1Tqq6frRXf5j8CgzWqpIxGXX42DRcc&scope=https://www.googleapis.com/auth/drive" "Mozilla/5.0 (X11; Linux x86_64) AppleWebKit/537.36 (KHTML, like Gecko) Chrome/70.0.3538.110 Safari/537.36"
::1 - - [15/Jan/2019:16:04:34 +0200] "GET /site/driveurl HTTP/1.1" 500 62510 "http://localhost/site/callback?code=4/0wB5wbupAh4XPpbLD39wreykUwo1HjOjTQCPrEFmtRdVho1E3lmDd4U3W1Tqq6frRXf5j8CgzWqpIxGXX42DRcc&scope=https://www.googleapis.com/auth/drive" "Mozilla/5.0 (X11; Linux x86_64) AppleWebKit/537.36 (KHTML, like Gecko) Chrome/70.0.3538.110 Safari/537.36"
::1 - - [15/Jan/2019:16:04:34 +0200] "GET /site/driveurl HTTP/1.1" 500 62510 "http://localhost/site/callback?code=4/0wB5wbupAh4XPpbLD39wreykUwo1HjOjTQCPrEFmtRdVho1E3lmDd4U3W1Tqq6frRXf5j8CgzWqpIxGXX42DRcc&scope=https://www.googleapis.com/auth/drive" "Mozilla/5.0 (X11; Linux x86_64) AppleWebKit/537.36 (KHTML, like Gecko) Chrome/70.0.3538.110 Safari/537.36"
::1 - - [15/Jan/2019:16:04:47 +0200] "GET /site/driveurl HTTP/1.1" 200 310 "http://localhost/site/callback?code=4/0wB5wbupAh4XPpbLD39wreykUwo1HjOjTQCPrEFmtRdVho1E3lmDd4U3W1Tqq6frRXf5j8CgzWqpIxGXX42DRcc&scope=https://www.googleapis.com/auth/drive" "Mozilla/5.0 (X11; Linux x86_64) AppleWebKit/537.36 (KHTML, like Gecko) Chrome/70.0.3538.110 Safari/537.36"
::1 - - [15/Jan/2019:16:05:18 +0200] "GET /site/driveurl HTTP/1.1" 200 31 "http://localhost/site/callback?code=4/0wB5wbupAh4XPpbLD39wreykUwo1HjOjTQCPrEFmtRdVho1E3lmDd4U3W1Tqq6frRXf5j8CgzWqpIxGXX42DRcc&scope=https://www.googleapis.com/auth/drive" "Mozilla/5.0 (X11; Linux x86_64) AppleWebKit/537.36 (KHTML, like Gecko) Chrome/70.0.3538.110 Safari/537.36"
::1 - - [15/Jan/2019:16:06:31 +0200] "GET /site/driveurl HTTP/1.1" 302 5 "http://localhost/site/callback?code=4/0wB5wbupAh4XPpbLD39wreykUwo1HjOjTQCPrEFmtRdVho1E3lmDd4U3W1Tqq6frRXf5j8CgzWqpIxGXX42DRcc&scope=https://www.googleapis.com/auth/drive" "Mozilla/5.0 (X11; Linux x86_64) AppleWebKit/537.36 (KHTML, like Gecko) Chrome/70.0.3538.110 Safari/537.36"
::1 - - [15/Jan/2019:16:06:32 +0200] "GET /site/callback?code=4/0wBwaGxKGGCXhYXpwFPxQMzM-QBCzEzGpj2rbubX-Awv26t85EwlGEdjU5rjIxIaKJrY32MPI54xoXvM_2R3jxw&scope=https://www.googleapis.com/auth/drive HTTP/1.1" 200 11182 "http://localhost/site/callback?code=4/0wB5wbupAh4XPpbLD39wreykUwo1HjOjTQCPrEFmtRdVho1E3lmDd4U3W1Tqq6frRXf5j8CgzWqpIxGXX42DRcc&scope=https://www.googleapis.com/auth/drive" "Mozilla/5.0 (X11; Linux x86_64) AppleWebKit/537.36 (KHTML, like Gecko) Chrome/70.0.3538.110 Safari/537.36"
::1 - - [15/Jan/2019:16:06:32 +0200] "GET /assets/406f9086/css/bootstrap.css HTTP/1.1" 304 0 "http://localhost/site/callback?code=4/0wBwaGxKGGCXhYXpwFPxQMzM-QBCzEzGpj2rbubX-Awv26t85EwlGEdjU5rjIxIaKJrY32MPI54xoXvM_2R3jxw&scope=https://www.googleapis.com/auth/drive" "Mozilla/5.0 (X11; Linux x86_64) AppleWebKit/537.36 (KHTML, like Gecko) Chrome/70.0.3538.110 Safari/537.36"
::1 - - [15/Jan/2019:16:06:32 +0200] "GET /assets/5d560380/jquery.js HTTP/1.1" 304 0 "http://localhost/site/callback?code=4/0wBwaGxKGGCXhYXpwFPxQMzM-QBCzEzGpj2rbubX-Awv26t85EwlGEdjU5rjIxIaKJrY32MPI54xoXvM_2R3jxw&scope=https://www.googleapis.com/auth/drive" "Mozilla/5.0 (X11; Linux x86_64) AppleWebKit/537.36 (KHTML, like Gecko) Chrome/70.0.3538.110 Safari/537.36"
::1 - - [15/Jan/2019:16:06:32 +0200] "GET /assets/ff6dcc90/yii.js HTTP/1.1" 304 0 "http://localhost/site/callback?code=4/0wBwaGxKGGCXhYXpwFPxQMzM-QBCzEzGpj2rbubX-Awv26t85EwlGEdjU5rjIxIaKJrY32MPI54xoXvM_2R3jxw&scope=https://www.googleapis.com/auth/drive" "Mozilla/5.0 (X11; Linux x86_64) AppleWebKit/537.36 (KHTML, like Gecko) Chrome/70.0.3538.110 Safari/537.36"
::1 - - [15/Jan/2019:16:06:32 +0200] "GET /assets/406f9086/js/bootstrap.js HTTP/1.1" 304 0 "http://localhost/site/callback?code=4/0wBwaGxKGGCXhYXpwFPxQMzM-QBCzEzGpj2rbubX-Awv26t85EwlGEdjU5rjIxIaKJrY32MPI54xoXvM_2R3jxw&scope=https://www.googleapis.com/auth/drive" "Mozilla/5.0 (X11; Linux x86_64) AppleWebKit/537.36 (KHTML, like Gecko) Chrome/70.0.3538.110 Safari/537.36"
::1 - - [15/Jan/2019:16:06:32 +0200] "GET /debug/default/toolbar?tag=5c3de8e795bf6 HTTP/1.1" 200 3354 "http://localhost/site/callback?code=4/0wBwaGxKGGCXhYXpwFPxQMzM-QBCzEzGpj2rbubX-Awv26t85EwlGEdjU5rjIxIaKJrY32MPI54xoXvM_2R3jxw&scope=https://www.googleapis.com/auth/drive" "Mozilla/5.0 (X11; Linux x86_64) AppleWebKit/537.36 (KHTML, like Gecko) Chrome/70.0.3538.110 Safari/537.36"
::1 - - [15/Jan/2019:16:07:00 +0200] "GET /site/callback?code=4/0wBwaGxKGGCXhYXpwFPxQMzM-QBCzEzGpj2rbubX-Awv26t85EwlGEdjU5rjIxIaKJrY32MPI54xoXvM_2R3jxw&scope=https://www.googleapis.com/auth/drive HTTP/1.1" 200 11186 "http://localhost/site/callback?code=4/0wB5wbupAh4XPpbLD39wreykUwo1HjOjTQCPrEFmtRdVho1E3lmDd4U3W1Tqq6frRXf5j8CgzWqpIxGXX42DRcc&scope=https://www.googleapis.com/auth/drive" "Mozilla/5.0 (X11; Linux x86_64) AppleWebKit/537.36 (KHTML, like Gecko) Chrome/70.0.3538.110 Safari/537.36"
::1 - - [15/Jan/2019:16:07:00 +0200] "GET /debug/default/toolbar?tag=5c3de90380714 HTTP/1.1" 200 3352 "http://localhost/site/callback?code=4/0wBwaGxKGGCXhYXpwFPxQMzM-QBCzEzGpj2rbubX-Awv26t85EwlGEdjU5rjIxIaKJrY32MPI54xoXvM_2R3jxw&scope=https://www.googleapis.com/auth/drive" "Mozilla/5.0 (X11; Linux x86_64) AppleWebKit/537.36 (KHTML, like Gecko) Chrome/70.0.3538.110 Safari/537.36"
::1 - - [15/Jan/2019:16:07:28 +0200] "GET /site/driveurl HTTP/1.1" 302 5 "http://localhost/site/callback?code=4/0wBwaGxKGGCXhYXpwFPxQMzM-QBCzEzGpj2rbubX-Awv26t85EwlGEdjU5rjIxIaKJrY32MPI54xoXvM_2R3jxw&scope=https://www.googleapis.com/auth/drive" "Mozilla/5.0 (X11; Linux x86_64) AppleWebKit/537.36 (KHTML, like Gecko) Chrome/70.0.3538.110 Safari/537.36"
::1 - - [15/Jan/2019:16:07:29 +0200] "GET /site/callback?code=4/0wBKbnOKQPqYNPop7kHLxeKpPU4oBAtZqu7fWFmeGGblU3GG0bNCNk9uG7HSBYrFO0oFQGUmXm_r4rbwSzf7Mxw&scope=https://www.googleapis.com/auth/drive HTTP/1.1" 200 11172 "http://localhost/site/callback?code=4/0wBwaGxKGGCXhYXpwFPxQMzM-QBCzEzGpj2rbubX-Awv26t85EwlGEdjU5rjIxIaKJrY32MPI54xoXvM_2R3jxw&scope=https://www.googleapis.com/auth/drive" "Mozilla/5.0 (X11; Linux x86_64) AppleWebKit/537.36 (KHTML, like Gecko) Chrome/70.0.3538.110 Safari/537.36"
::1 - - [15/Jan/2019:16:07:29 +0200] "GET /debug/default/toolbar?tag=5c3de920aa45e HTTP/1.1" 200 3353 "http://localhost/site/callback?code=4/0wBKbnOKQPqYNPop7kHLxeKpPU4oBAtZqu7fWFmeGGblU3GG0bNCNk9uG7HSBYrFO0oFQGUmXm_r4rbwSzf7Mxw&scope=https://www.googleapis.com/auth/drive" "Mozilla/5.0 (X11; Linux x86_64) AppleWebKit/537.36 (KHTML, like Gecko) Chrome/70.0.3538.110 Safari/537.36"
::1 - - [15/Jan/2019:16:07:30 +0200] "GET /site/driveurl HTTP/1.1" 302 5 "http://localhost/site/callback?code=4/0wBKbnOKQPqYNPop7kHLxeKpPU4oBAtZqu7fWFmeGGblU3GG0bNCNk9uG7HSBYrFO0oFQGUmXm_r4rbwSzf7Mxw&scope=https://www.googleapis.com/auth/drive" "Mozilla/5.0 (X11; Linux x86_64) AppleWebKit/537.36 (KHTML, like Gecko) Chrome/70.0.3538.110 Safari/537.36"
::1 - - [15/Jan/2019:16:07:31 +0200] "GET /site/callback?code=4/0wA3yGk4UNFnjqP0Nm0Y6R9pnwqYoKaUOjDnSZiXlLCJ116FkMmrtPNvlyBZj-P58Cs8_VO6_7VT2ni8IAPp7UI&scope=https://www.googleapis.com/auth/drive HTTP/1.1" 200 11178 "http://localhost/site/callback?code=4/0wBKbnOKQPqYNPop7kHLxeKpPU4oBAtZqu7fWFmeGGblU3GG0bNCNk9uG7HSBYrFO0oFQGUmXm_r4rbwSzf7Mxw&scope=https://www.googleapis.com/auth/drive" "Mozilla/5.0 (X11; Linux x86_64) AppleWebKit/537.36 (KHTML, like Gecko) Chrome/70.0.3538.110 Safari/537.36"
::1 - - [15/Jan/2019:16:07:32 +0200] "GET /debug/default/toolbar?tag=5c3de9231d299 HTTP/1.1" 200 3352 "http://localhost/site/callback?code=4/0wA3yGk4UNFnjqP0Nm0Y6R9pnwqYoKaUOjDnSZiXlLCJ116FkMmrtPNvlyBZj-P58Cs8_VO6_7VT2ni8IAPp7UI&scope=https://www.googleapis.com/auth/drive" "Mozilla/5.0 (X11; Linux x86_64) AppleWebKit/537.36 (KHTML, like Gecko) Chrome/70.0.3538.110 Safari/537.36"
::1 - - [15/Jan/2019:16:07:32 +0200] "GET /site/driveurl HTTP/1.1" 302 5 "http://localhost/site/callback?code=4/0wA3yGk4UNFnjqP0Nm0Y6R9pnwqYoKaUOjDnSZiXlLCJ116FkMmrtPNvlyBZj-P58Cs8_VO6_7VT2ni8IAPp7UI&scope=https://www.googleapis.com/auth/drive" "Mozilla/5.0 (X11; Linux x86_64) AppleWebKit/537.36 (KHTML, like Gecko) Chrome/70.0.3538.110 Safari/537.36"
::1 - - [15/Jan/2019:16:07:33 +0200] "GET /site/callback?code=4/0wAGh_xdL_exD3J93LtWhAqpRzFYPDQTEJTQt-TOoZac53X7jITvmBIrzz2wyEvs5_NMqdA5L_Dl2Y2WAy10GqE&scope=https://www.googleapis.com/auth/drive HTTP/1.1" 200 11172 "http://localhost/site/callback?code=4/0wA3yGk4UNFnjqP0Nm0Y6R9pnwqYoKaUOjDnSZiXlLCJ116FkMmrtPNvlyBZj-P58Cs8_VO6_7VT2ni8IAPp7UI&scope=https://www.googleapis.com/auth/drive" "Mozilla/5.0 (X11; Linux x86_64) AppleWebKit/537.36 (KHTML, like Gecko) Chrome/70.0.3538.110 Safari/537.36"
::1 - - [15/Jan/2019:16:07:33 +0200] "GET /debug/default/toolbar?tag=5c3de924e0a9e HTTP/1.1" 200 3353 "http://localhost/site/callback?code=4/0wAGh_xdL_exD3J93LtWhAqpRzFYPDQTEJTQt-TOoZac53X7jITvmBIrzz2wyEvs5_NMqdA5L_Dl2Y2WAy10GqE&scope=https://www.googleapis.com/auth/drive" "Mozilla/5.0 (X11; Linux x86_64) AppleWebKit/537.36 (KHTML, like Gecko) Chrome/70.0.3538.110 Safari/537.36"
::1 - - [15/Jan/2019:16:07:34 +0200] "GET /site/driveurl HTTP/1.1" 302 5 "http://localhost/site/callback?code=4/0wAGh_xdL_exD3J93LtWhAqpRzFYPDQTEJTQt-TOoZac53X7jITvmBIrzz2wyEvs5_NMqdA5L_Dl2Y2WAy10GqE&scope=https://www.googleapis.com/auth/drive" "Mozilla/5.0 (X11; Linux x86_64) AppleWebKit/537.36 (KHTML, like Gecko) Chrome/70.0.3538.110 Safari/537.36"
::1 - - [15/Jan/2019:16:07:35 +0200] "GET /site/callback?code=4/0wA0dvwL2UsbBGxZUDLRUApJFk_VaiMrdHh06qFYK4hoF3ME9Of9lL1SwrrvjIp8M3NZknrAS_aMxam1wckvsXg&scope=https://www.googleapis.com/auth/drive HTTP/1.1" 200 11176 "http://localhost/site/callback?code=4/0wAGh_xdL_exD3J93LtWhAqpRzFYPDQTEJTQt-TOoZac53X7jITvmBIrzz2wyEvs5_NMqdA5L_Dl2Y2WAy10GqE&scope=https://www.googleapis.com/auth/drive" "Mozilla/5.0 (X11; Linux x86_64) AppleWebKit/537.36 (KHTML, like Gecko) Chrome/70.0.3538.110 Safari/537.36"
::1 - - [15/Jan/2019:16:07:35 +0200] "GET /debug/default/toolbar?tag=5c3de926b2215 HTTP/1.1" 200 3353 "http://localhost/site/callback?code=4/0wA0dvwL2UsbBGxZUDLRUApJFk_VaiMrdHh06qFYK4hoF3ME9Of9lL1SwrrvjIp8M3NZknrAS_aMxam1wckvsXg&scope=https://www.googleapis.com/auth/drive" "Mozilla/5.0 (X11; Linux x86_64) AppleWebKit/537.36 (KHTML, like Gecko) Chrome/70.0.3538.110 Safari/537.36"
::1 - - [15/Jan/2019:16:07:36 +0200] "GET /site/callback?code=4/0wA0dvwL2UsbBGxZUDLRUApJFk_VaiMrdHh06qFYK4hoF3ME9Of9lL1SwrrvjIp8M3NZknrAS_aMxam1wckvsXg&scope=https://www.googleapis.com/auth/drive HTTP/1.1" 200 11175 "http://localhost/site/callback?code=4/0wAGh_xdL_exD3J93LtWhAqpRzFYPDQTEJTQt-TOoZac53X7jITvmBIrzz2wyEvs5_NMqdA5L_Dl2Y2WAy10GqE&scope=https://www.googleapis.com/auth/drive" "Mozilla/5.0 (X11; Linux x86_64) AppleWebKit/537.36 (KHTML, like Gecko) Chrome/70.0.3538.110 Safari/537.36"
::1 - - [15/Jan/2019:16:07:36 +0200] "GET /debug/default/toolbar?tag=5c3de92821bc0 HTTP/1.1" 200 3353 "http://localhost/site/callback?code=4/0wA0dvwL2UsbBGxZUDLRUApJFk_VaiMrdHh06qFYK4hoF3ME9Of9lL1SwrrvjIp8M3NZknrAS_aMxam1wckvsXg&scope=https://www.googleapis.com/auth/drive" "Mozilla/5.0 (X11; Linux x86_64) AppleWebKit/537.36 (KHTML, like Gecko) Chrome/70.0.3538.110 Safari/537.36"
::1 - - [15/Jan/2019:16:13:31 +0200] "GET /site/callback?code=4/0wA0dvwL2UsbBGxZUDLRUApJFk_VaiMrdHh06qFYK4hoF3ME9Of9lL1SwrrvjIp8M3NZknrAS_aMxam1wckvsXg&scope=https://www.googleapis.com/auth/drive HTTP/1.1" 200 357 "http://localhost/site/callback?code=4/0wAGh_xdL_exD3J93LtWhAqpRzFYPDQTEJTQt-TOoZac53X7jITvmBIrzz2wyEvs5_NMqdA5L_Dl2Y2WAy10GqE&scope=https://www.googleapis.com/auth/drive" "Mozilla/5.0 (X11; Linux x86_64) AppleWebKit/537.36 (KHTML, like Gecko) Chrome/70.0.3538.110 Safari/537.36"
::1 - - [15/Jan/2019:16:13:33 +0200] "GET /site/callback?code=4/0wA0dvwL2UsbBGxZUDLRUApJFk_VaiMrdHh06qFYK4hoF3ME9Of9lL1SwrrvjIp8M3NZknrAS_aMxam1wckvsXg&scope=https://www.googleapis.com/auth/drive HTTP/1.1" 200 357 "http://localhost/site/callback?code=4/0wAGh_xdL_exD3J93LtWhAqpRzFYPDQTEJTQt-TOoZac53X7jITvmBIrzz2wyEvs5_NMqdA5L_Dl2Y2WAy10GqE&scope=https://www.googleapis.com/auth/drive" "Mozilla/5.0 (X11; Linux x86_64) AppleWebKit/537.36 (KHTML, like Gecko) Chrome/70.0.3538.110 Safari/537.36"
::1 - - [15/Jan/2019:16:15:40 +0200] "GET /site/callback?code=4/0wA0dvwL2UsbBGxZUDLRUApJFk_VaiMrdHh06qFYK4hoF3ME9Of9lL1SwrrvjIp8M3NZknrAS_aMxam1wckvsXg&scope=https://www.googleapis.com/auth/drive HTTP/1.1" 200 11175 "http://localhost/site/callback?code=4/0wAGh_xdL_exD3J93LtWhAqpRzFYPDQTEJTQt-TOoZac53X7jITvmBIrzz2wyEvs5_NMqdA5L_Dl2Y2WAy10GqE&scope=https://www.googleapis.com/auth/drive" "Mozilla/5.0 (X11; Linux x86_64) AppleWebKit/537.36 (KHTML, like Gecko) Chrome/70.0.3538.110 Safari/537.36"
::1 - - [15/Jan/2019:16:15:40 +0200] "GET /assets/406f9086/css/bootstrap.css HTTP/1.1" 304 0 "http://localhost/site/callback?code=4/0wA0dvwL2UsbBGxZUDLRUApJFk_VaiMrdHh06qFYK4hoF3ME9Of9lL1SwrrvjIp8M3NZknrAS_aMxam1wckvsXg&scope=https://www.googleapis.com/auth/drive" "Mozilla/5.0 (X11; Linux x86_64) AppleWebKit/537.36 (KHTML, like Gecko) Chrome/70.0.3538.110 Safari/537.36"
::1 - - [15/Jan/2019:16:15:40 +0200] "GET /assets/5d560380/jquery.js HTTP/1.1" 304 0 "http://localhost/site/callback?code=4/0wA0dvwL2UsbBGxZUDLRUApJFk_VaiMrdHh06qFYK4hoF3ME9Of9lL1SwrrvjIp8M3NZknrAS_aMxam1wckvsXg&scope=https://www.googleapis.com/auth/drive" "Mozilla/5.0 (X11; Linux x86_64) AppleWebKit/537.36 (KHTML, like Gecko) Chrome/70.0.3538.110 Safari/537.36"
::1 - - [15/Jan/2019:16:15:40 +0200] "GET /assets/ff6dcc90/yii.js HTTP/1.1" 304 0 "http://localhost/site/callback?code=4/0wA0dvwL2UsbBGxZUDLRUApJFk_VaiMrdHh06qFYK4hoF3ME9Of9lL1SwrrvjIp8M3NZknrAS_aMxam1wckvsXg&scope=https://www.googleapis.com/auth/drive" "Mozilla/5.0 (X11; Linux x86_64) AppleWebKit/537.36 (KHTML, like Gecko) Chrome/70.0.3538.110 Safari/537.36"
::1 - - [15/Jan/2019:16:15:40 +0200] "GET /assets/406f9086/js/bootstrap.js HTTP/1.1" 304 0 "http://localhost/site/callback?code=4/0wA0dvwL2UsbBGxZUDLRUApJFk_VaiMrdHh06qFYK4hoF3ME9Of9lL1SwrrvjIp8M3NZknrAS_aMxam1wckvsXg&scope=https://www.googleapis.com/auth/drive" "Mozilla/5.0 (X11; Linux x86_64) AppleWebKit/537.36 (KHTML, like Gecko) Chrome/70.0.3538.110 Safari/537.36"
::1 - - [15/Jan/2019:16:15:41 +0200] "GET /debug/default/toolbar?tag=5c3deb0bea5b5 HTTP/1.1" 200 3352 "http://localhost/site/callback?code=4/0wA0dvwL2UsbBGxZUDLRUApJFk_VaiMrdHh06qFYK4hoF3ME9Of9lL1SwrrvjIp8M3NZknrAS_aMxam1wckvsXg&scope=https://www.googleapis.com/auth/drive" "Mozilla/5.0 (X11; Linux x86_64) AppleWebKit/537.36 (KHTML, like Gecko) Chrome/70.0.3538.110 Safari/537.36"
::1 - - [15/Jan/2019:16:15:54 +0200] "GET /site/callback?code=4/0wA0dvwL2UsbBGxZUDLRUApJFk_VaiMrdHh06qFYK4hoF3ME9Of9lL1SwrrvjIp8M3NZknrAS_aMxam1wckvsXg&scope=https://www.googleapis.com/auth/drive HTTP/1.1" 200 11174 "http://localhost/site/callback?code=4/0wAGh_xdL_exD3J93LtWhAqpRzFYPDQTEJTQt-TOoZac53X7jITvmBIrzz2wyEvs5_NMqdA5L_Dl2Y2WAy10GqE&scope=https://www.googleapis.com/auth/drive" "Mozilla/5.0 (X11; Linux x86_64) AppleWebKit/537.36 (KHTML, like Gecko) Chrome/70.0.3538.110 Safari/537.36"
::1 - - [15/Jan/2019:16:15:54 +0200] "GET /debug/default/toolbar?tag=5c3deb19ab4b7 HTTP/1.1" 200 3352 "http://localhost/site/callback?code=4/0wA0dvwL2UsbBGxZUDLRUApJFk_VaiMrdHh06qFYK4hoF3ME9Of9lL1SwrrvjIp8M3NZknrAS_aMxam1wckvsXg&scope=https://www.googleapis.com/auth/drive" "Mozilla/5.0 (X11; Linux x86_64) AppleWebKit/537.36 (KHTML, like Gecko) Chrome/70.0.3538.110 Safari/537.36"
